2025-12-31 11:28:55,262 [Worker-12: Loading available Gradle versions] INFO  o.e.b.c.i.u.g.PublishedGradleVersions - Gradle version information cache is not available. Remote download required.
2025-12-31 11:40:15,806 [ModalContext] INFO  o.e.m.c.i.e.AbstractTransferListenerAdapter - Downloading https://repo.maven.apache.org/maven2/org/apache/maven/archetypes/maven-archetype-j2ee-simple/1.5/maven-archetype-j2ee-simple-1.5.pom
2025-12-31 11:40:15,874 [ModalContext] INFO  o.e.m.c.i.e.AbstractTransferListenerAdapter - Downloaded https://repo.maven.apache.org/maven2/org/apache/maven/archetypes/maven-archetype-j2ee-simple/1.5/maven-archetype-j2ee-simple-1.5.pom
2025-12-31 11:40:15,943 [ModalContext] INFO  o.e.m.c.i.e.AbstractTransferListenerAdapter - Downloading https://repo.maven.apache.org/maven2/org/apache/maven/archetypes/maven-archetype-bundles/1.5/maven-archetype-bundles-1.5.pom
2025-12-31 11:40:15,948 [ModalContext] INFO  o.e.m.c.i.e.AbstractTransferListenerAdapter - Downloaded https://repo.maven.apache.org/maven2/org/apache/maven/archetypes/maven-archetype-bundles/1.5/maven-archetype-bundles-1.5.pom
2025-12-31 11:40:15,982 [ModalContext] INFO  o.e.m.c.i.e.AbstractTransferListenerAdapter - Downloading https://repo.maven.apache.org/maven2/org/apache/maven/maven-parent/43/maven-parent-43.pom
2025-12-31 11:40:15,995 [ModalContext] INFO  o.e.m.c.i.e.AbstractTransferListenerAdapter - Downloaded https://repo.maven.apache.org/maven2/org/apache/maven/maven-parent/43/maven-parent-43.pom
2025-12-31 11:40:16,052 [ModalContext] INFO  o.e.m.c.i.e.AbstractTransferListenerAdapter - Downloading https://repo.maven.apache.org/maven2/org/apache/apache/33/apache-33.pom
2025-12-31 11:40:16,065 [ModalContext] INFO  o.e.m.c.i.e.AbstractTransferListenerAdapter - Downloaded https://repo.maven.apache.org/maven2/org/apache/apache/33/apache-33.pom
2025-12-31 11:40:16,143 [ModalContext] INFO  o.e.m.c.i.e.AbstractTransferListenerAdapter - Downloading https://repo.maven.apache.org/maven2/org/junit/junit-bom/5.10.3/junit-bom-5.10.3.pom
2025-12-31 11:40:16,147 [ModalContext] INFO  o.e.m.c.i.e.AbstractTransferListenerAdapter - Downloaded https://repo.maven.apache.org/maven2/org/junit/junit-bom/5.10.3/junit-bom-5.10.3.pom
2025-12-31 11:40:16,252 [ModalContext] INFO  o.e.m.c.i.e.AbstractTransferListenerAdapter - Downloading https://repo.maven.apache.org/maven2/org/apache/maven/archetypes/maven-archetype-j2ee-simple/1.5/maven-archetype-j2ee-simple-1.5.jar
2025-12-31 11:40:16,258 [ModalContext] INFO  o.e.m.c.i.e.AbstractTransferListenerAdapter - Downloaded https://repo.maven.apache.org/maven2/org/apache/maven/archetypes/maven-archetype-j2ee-simple/1.5/maven-archetype-j2ee-simple-1.5.jar
2025-12-31 11:49:10,425 [Worker-49: Launching mavenrun-9275dcad-ae5d-4ce1-948e-7928fee10894] INFO  o.eclipse.m2e.core.internal.Bundles - getClasspathEntries(Bundle=org.eclipse.m2e.maven.runtime_3.9.1100.20250811-2018 [639])
2025-12-31 11:49:10,430 [Worker-49: Launching mavenrun-9275dcad-ae5d-4ce1-948e-7928fee10894] INFO  o.eclipse.m2e.core.internal.Bundles - 	Entry: /Users/ritheshmekala/.p2/pool/plugins/org.eclipse.m2e.maven.runtime_3.9.1100.20250811-2018
2025-12-31 11:49:10,431 [Worker-49: Launching mavenrun-9275dcad-ae5d-4ce1-948e-7928fee10894] INFO  o.eclipse.m2e.core.internal.Bundles - 	Entry: /Users/ritheshmekala/.p2/pool/plugins/org.eclipse.m2e.maven.runtime_3.9.1100.20250811-2018/jars/aopalliance-1.0.jar
2025-12-31 11:49:10,432 [Worker-49: Launching mavenrun-9275dcad-ae5d-4ce1-948e-7928fee10894] INFO  o.eclipse.m2e.core.internal.Bundles - 	Entry: /Users/ritheshmekala/.p2/pool/plugins/org.eclipse.m2e.maven.runtime_3.9.1100.20250811-2018/jars/asm-9.8.jar
2025-12-31 11:49:10,432 [Worker-49: Launching mavenrun-9275dcad-ae5d-4ce1-948e-7928fee10894] INFO  o.eclipse.m2e.core.internal.Bundles - 	Entry: /Users/ritheshmekala/.p2/pool/plugins/org.eclipse.m2e.maven.runtime_3.9.1100.20250811-2018/jars/error_prone_annotations-2.38.0.jar
2025-12-31 11:49:10,432 [Worker-49: Launching mavenrun-9275dcad-ae5d-4ce1-948e-7928fee10894] INFO  o.eclipse.m2e.core.internal.Bundles - 	Entry: /Users/ritheshmekala/.p2/pool/plugins/org.eclipse.m2e.maven.runtime_3.9.1100.20250811-2018/jars/gson-2.13.1.jar
2025-12-31 11:49:10,432 [Worker-49: Launching mavenrun-9275dcad-ae5d-4ce1-948e-7928fee10894] INFO  o.eclipse.m2e.core.internal.Bundles - 	Entry: /Users/ritheshmekala/.p2/pool/plugins/org.eclipse.m2e.maven.runtime_3.9.1100.20250811-2018/jars/guice-5.1.0-classes.jar
2025-12-31 11:49:10,432 [Worker-49: Launching mavenrun-9275dcad-ae5d-4ce1-948e-7928fee10894] INFO  o.eclipse.m2e.core.internal.Bundles - 	Entry: /Users/ritheshmekala/.p2/pool/plugins/org.eclipse.m2e.maven.runtime_3.9.1100.20250811-2018/jars/httpclient-4.5.14.jar
2025-12-31 11:49:10,432 [Worker-49: Launching mavenrun-9275dcad-ae5d-4ce1-948e-7928fee10894] INFO  o.eclipse.m2e.core.internal.Bundles - 	Entry: /Users/ritheshmekala/.p2/pool/plugins/org.eclipse.m2e.maven.runtime_3.9.1100.20250811-2018/jars/httpcore-4.4.16.jar
2025-12-31 11:49:10,432 [Worker-49: Launching mavenrun-9275dcad-ae5d-4ce1-948e-7928fee10894] INFO  o.eclipse.m2e.core.internal.Bundles - 	Entry: /Users/ritheshmekala/.p2/pool/plugins/org.eclipse.m2e.maven.runtime_3.9.1100.20250811-2018/jars/jansi-2.4.2.jar
2025-12-31 11:49:10,433 [Worker-49: Launching mavenrun-9275dcad-ae5d-4ce1-948e-7928fee10894] INFO  o.eclipse.m2e.core.internal.Bundles - 	Entry: /Users/ritheshmekala/.p2/pool/plugins/org.eclipse.m2e.maven.runtime_3.9.1100.20250811-2018/jars/jcl-over-slf4j-1.7.36.jar
2025-12-31 11:49:10,433 [Worker-49: Launching mavenrun-9275dcad-ae5d-4ce1-948e-7928fee10894] INFO  o.eclipse.m2e.core.internal.Bundles - 	Entry: /Users/ritheshmekala/.p2/pool/plugins/org.eclipse.m2e.maven.runtime_3.9.1100.20250811-2018/jars/maven-artifact-3.9.11.jar
2025-12-31 11:49:10,433 [Worker-49: Launching mavenrun-9275dcad-ae5d-4ce1-948e-7928fee10894] INFO  o.eclipse.m2e.core.internal.Bundles - 	Entry: /Users/ritheshmekala/.p2/pool/plugins/org.eclipse.m2e.maven.runtime_3.9.1100.20250811-2018/jars/maven-builder-support-3.9.11.jar
2025-12-31 11:49:10,433 [Worker-49: Launching mavenrun-9275dcad-ae5d-4ce1-948e-7928fee10894] INFO  o.eclipse.m2e.core.internal.Bundles - 	Entry: /Users/ritheshmekala/.p2/pool/plugins/org.eclipse.m2e.maven.runtime_3.9.1100.20250811-2018/jars/maven-compat-3.9.11.jar
2025-12-31 11:49:10,433 [Worker-49: Launching mavenrun-9275dcad-ae5d-4ce1-948e-7928fee10894] INFO  o.eclipse.m2e.core.internal.Bundles - 	Entry: /Users/ritheshmekala/.p2/pool/plugins/org.eclipse.m2e.maven.runtime_3.9.1100.20250811-2018/jars/maven-core-3.9.11.jar
2025-12-31 11:49:10,433 [Worker-49: Launching mavenrun-9275dcad-ae5d-4ce1-948e-7928fee10894] INFO  o.eclipse.m2e.core.internal.Bundles - 	Entry: /Users/ritheshmekala/.p2/pool/plugins/org.eclipse.m2e.maven.runtime_3.9.1100.20250811-2018/jars/maven-embedder-3.9.11.jar
2025-12-31 11:49:10,433 [Worker-49: Launching mavenrun-9275dcad-ae5d-4ce1-948e-7928fee10894] INFO  o.eclipse.m2e.core.internal.Bundles - 	Entry: /Users/ritheshmekala/.p2/pool/plugins/org.eclipse.m2e.maven.runtime_3.9.1100.20250811-2018/jars/maven-model-3.9.11.jar
2025-12-31 11:49:10,433 [Worker-49: Launching mavenrun-9275dcad-ae5d-4ce1-948e-7928fee10894] INFO  o.eclipse.m2e.core.internal.Bundles - 	Entry: /Users/ritheshmekala/.p2/pool/plugins/org.eclipse.m2e.maven.runtime_3.9.1100.20250811-2018/jars/maven-model-builder-3.9.11.jar
2025-12-31 11:49:10,433 [Worker-49: Launching mavenrun-9275dcad-ae5d-4ce1-948e-7928fee10894] INFO  o.eclipse.m2e.core.internal.Bundles - 	Entry: /Users/ritheshmekala/.p2/pool/plugins/org.eclipse.m2e.maven.runtime_3.9.1100.20250811-2018/jars/maven-plugin-api-3.9.11.jar
2025-12-31 11:49:10,434 [Worker-49: Launching mavenrun-9275dcad-ae5d-4ce1-948e-7928fee10894] INFO  o.eclipse.m2e.core.internal.Bundles - 	Entry: /Users/ritheshmekala/.p2/pool/plugins/org.eclipse.m2e.maven.runtime_3.9.1100.20250811-2018/jars/maven-repository-metadata-3.9.11.jar
2025-12-31 11:49:10,434 [Worker-49: Launching mavenrun-9275dcad-ae5d-4ce1-948e-7928fee10894] INFO  o.eclipse.m2e.core.internal.Bundles - 	Entry: /Users/ritheshmekala/.p2/pool/plugins/org.eclipse.m2e.maven.runtime_3.9.1100.20250811-2018/jars/maven-resolver-api-1.9.24.jar
2025-12-31 11:49:10,434 [Worker-49: Launching mavenrun-9275dcad-ae5d-4ce1-948e-7928fee10894] INFO  o.eclipse.m2e.core.internal.Bundles - 	Entry: /Users/ritheshmekala/.p2/pool/plugins/org.eclipse.m2e.maven.runtime_3.9.1100.20250811-2018/jars/maven-resolver-connector-basic-1.9.24.jar
2025-12-31 11:49:10,434 [Worker-49: Launching mavenrun-9275dcad-ae5d-4ce1-948e-7928fee10894] INFO  o.eclipse.m2e.core.internal.Bundles - 	Entry: /Users/ritheshmekala/.p2/pool/plugins/org.eclipse.m2e.maven.runtime_3.9.1100.20250811-2018/jars/maven-resolver-impl-1.9.24.jar
2025-12-31 11:49:10,434 [Worker-49: Launching mavenrun-9275dcad-ae5d-4ce1-948e-7928fee10894] INFO  o.eclipse.m2e.core.internal.Bundles - 	Entry: /Users/ritheshmekala/.p2/pool/plugins/org.eclipse.m2e.maven.runtime_3.9.1100.20250811-2018/jars/maven-resolver-named-locks-1.9.24.jar
2025-12-31 11:49:10,434 [Worker-49: Launching mavenrun-9275dcad-ae5d-4ce1-948e-7928fee10894] INFO  o.eclipse.m2e.core.internal.Bundles - 	Entry: /Users/ritheshmekala/.p2/pool/plugins/org.eclipse.m2e.maven.runtime_3.9.1100.20250811-2018/jars/maven-resolver-provider-3.9.11.jar
2025-12-31 11:49:10,435 [Worker-49: Launching mavenrun-9275dcad-ae5d-4ce1-948e-7928fee10894] INFO  o.eclipse.m2e.core.internal.Bundles - 	Entry: /Users/ritheshmekala/.p2/pool/plugins/org.eclipse.m2e.maven.runtime_3.9.1100.20250811-2018/jars/maven-resolver-spi-1.9.24.jar
2025-12-31 11:49:10,435 [Worker-49: Launching mavenrun-9275dcad-ae5d-4ce1-948e-7928fee10894] INFO  o.eclipse.m2e.core.internal.Bundles - 	Entry: /Users/ritheshmekala/.p2/pool/plugins/org.eclipse.m2e.maven.runtime_3.9.1100.20250811-2018/jars/maven-resolver-transport-file-1.9.24.jar
2025-12-31 11:49:10,436 [Worker-49: Launching mavenrun-9275dcad-ae5d-4ce1-948e-7928fee10894] INFO  o.eclipse.m2e.core.internal.Bundles - 	Entry: /Users/ritheshmekala/.p2/pool/plugins/org.eclipse.m2e.maven.runtime_3.9.1100.20250811-2018/jars/maven-resolver-transport-http-1.9.24.jar
2025-12-31 11:49:10,436 [Worker-49: Launching mavenrun-9275dcad-ae5d-4ce1-948e-7928fee10894] INFO  o.eclipse.m2e.core.internal.Bundles - 	Entry: /Users/ritheshmekala/.p2/pool/plugins/org.eclipse.m2e.maven.runtime_3.9.1100.20250811-2018/jars/maven-resolver-transport-wagon-1.9.24.jar
2025-12-31 11:49:10,436 [Worker-49: Launching mavenrun-9275dcad-ae5d-4ce1-948e-7928fee10894] INFO  o.eclipse.m2e.core.internal.Bundles - 	Entry: /Users/ritheshmekala/.p2/pool/plugins/org.eclipse.m2e.maven.runtime_3.9.1100.20250811-2018/jars/maven-resolver-util-1.9.24.jar
2025-12-31 11:49:10,439 [Worker-49: Launching mavenrun-9275dcad-ae5d-4ce1-948e-7928fee10894] INFO  o.eclipse.m2e.core.internal.Bundles - 	Entry: /Users/ritheshmekala/.p2/pool/plugins/org.eclipse.m2e.maven.runtime_3.9.1100.20250811-2018/jars/maven-settings-3.9.11.jar
2025-12-31 11:49:10,440 [Worker-49: Launching mavenrun-9275dcad-ae5d-4ce1-948e-7928fee10894] INFO  o.eclipse.m2e.core.internal.Bundles - 	Entry: /Users/ritheshmekala/.p2/pool/plugins/org.eclipse.m2e.maven.runtime_3.9.1100.20250811-2018/jars/maven-settings-builder-3.9.11.jar
2025-12-31 11:49:10,440 [Worker-49: Launching mavenrun-9275dcad-ae5d-4ce1-948e-7928fee10894] INFO  o.eclipse.m2e.core.internal.Bundles - 	Entry: /Users/ritheshmekala/.p2/pool/plugins/org.eclipse.m2e.maven.runtime_3.9.1100.20250811-2018/jars/maven-shared-utils-3.4.2.jar
2025-12-31 11:49:10,440 [Worker-49: Launching mavenrun-9275dcad-ae5d-4ce1-948e-7928fee10894] INFO  o.eclipse.m2e.core.internal.Bundles - 	Entry: /Users/ritheshmekala/.p2/pool/plugins/org.eclipse.m2e.maven.runtime_3.9.1100.20250811-2018/jars/org.eclipse.sisu.inject-0.9.0.M4.jar
2025-12-31 11:49:10,440 [Worker-49: Launching mavenrun-9275dcad-ae5d-4ce1-948e-7928fee10894] INFO  o.eclipse.m2e.core.internal.Bundles - 	Entry: /Users/ritheshmekala/.p2/pool/plugins/org.eclipse.m2e.maven.runtime_3.9.1100.20250811-2018/jars/org.eclipse.sisu.plexus-0.9.0.M4.jar
2025-12-31 11:49:10,440 [Worker-49: Launching mavenrun-9275dcad-ae5d-4ce1-948e-7928fee10894] INFO  o.eclipse.m2e.core.internal.Bundles - 	Entry: /Users/ritheshmekala/.p2/pool/plugins/org.eclipse.m2e.maven.runtime_3.9.1100.20250811-2018/jars/plexus-build-api-0.0.7.jar
2025-12-31 11:49:10,440 [Worker-49: Launching mavenrun-9275dcad-ae5d-4ce1-948e-7928fee10894] INFO  o.eclipse.m2e.core.internal.Bundles - 	Entry: /Users/ritheshmekala/.p2/pool/plugins/org.eclipse.m2e.maven.runtime_3.9.1100.20250811-2018/jars/plexus-build-api-1.2.0.jar
2025-12-31 11:49:10,441 [Worker-49: Launching mavenrun-9275dcad-ae5d-4ce1-948e-7928fee10894] INFO  o.eclipse.m2e.core.internal.Bundles - 	Entry: /Users/ritheshmekala/.p2/pool/plugins/org.eclipse.m2e.maven.runtime_3.9.1100.20250811-2018/jars/plexus-cipher-2.0.jar
2025-12-31 11:49:10,441 [Worker-49: Launching mavenrun-9275dcad-ae5d-4ce1-948e-7928fee10894] INFO  o.eclipse.m2e.core.internal.Bundles - 	Entry: /Users/ritheshmekala/.p2/pool/plugins/org.eclipse.m2e.maven.runtime_3.9.1100.20250811-2018/jars/plexus-classworlds-2.9.0.jar
2025-12-31 11:49:10,441 [Worker-49: Launching mavenrun-9275dcad-ae5d-4ce1-948e-7928fee10894] INFO  o.eclipse.m2e.core.internal.Bundles - 	Entry: /Users/ritheshmekala/.p2/pool/plugins/org.eclipse.m2e.maven.runtime_3.9.1100.20250811-2018/jars/plexus-component-annotations-2.2.0.jar
2025-12-31 11:49:10,441 [Worker-49: Launching mavenrun-9275dcad-ae5d-4ce1-948e-7928fee10894] INFO  o.eclipse.m2e.core.internal.Bundles - 	Entry: /Users/ritheshmekala/.p2/pool/plugins/org.eclipse.m2e.maven.runtime_3.9.1100.20250811-2018/jars/plexus-interpolation-1.28.jar
2025-12-31 11:49:10,441 [Worker-49: Launching mavenrun-9275dcad-ae5d-4ce1-948e-7928fee10894] INFO  o.eclipse.m2e.core.internal.Bundles - 	Entry: /Users/ritheshmekala/.p2/pool/plugins/org.eclipse.m2e.maven.runtime_3.9.1100.20250811-2018/jars/plexus-sec-dispatcher-2.0.jar
2025-12-31 11:49:10,441 [Worker-49: Launching mavenrun-9275dcad-ae5d-4ce1-948e-7928fee10894] INFO  o.eclipse.m2e.core.internal.Bundles - 	Entry: /Users/ritheshmekala/.p2/pool/plugins/org.eclipse.m2e.maven.runtime_3.9.1100.20250811-2018/jars/plexus-utils-3.6.0.jar
2025-12-31 11:49:10,441 [Worker-49: Launching mavenrun-9275dcad-ae5d-4ce1-948e-7928fee10894] INFO  o.eclipse.m2e.core.internal.Bundles - 	Entry: /Users/ritheshmekala/.p2/pool/plugins/org.eclipse.m2e.maven.runtime_3.9.1100.20250811-2018/jars/wagon-file-3.5.3.jar
2025-12-31 11:49:10,441 [Worker-49: Launching mavenrun-9275dcad-ae5d-4ce1-948e-7928fee10894] INFO  o.eclipse.m2e.core.internal.Bundles - 	Entry: /Users/ritheshmekala/.p2/pool/plugins/org.eclipse.m2e.maven.runtime_3.9.1100.20250811-2018/jars/wagon-http-3.5.3.jar
2025-12-31 11:49:10,441 [Worker-49: Launching mavenrun-9275dcad-ae5d-4ce1-948e-7928fee10894] INFO  o.eclipse.m2e.core.internal.Bundles - 	Entry: /Users/ritheshmekala/.p2/pool/plugins/org.eclipse.m2e.maven.runtime_3.9.1100.20250811-2018/jars/wagon-http-shared-3.5.3.jar
2025-12-31 11:49:10,441 [Worker-49: Launching mavenrun-9275dcad-ae5d-4ce1-948e-7928fee10894] INFO  o.eclipse.m2e.core.internal.Bundles - 	Entry: /Users/ritheshmekala/.p2/pool/plugins/org.eclipse.m2e.maven.runtime_3.9.1100.20250811-2018/jars/wagon-provider-api-3.5.3.jar
2025-12-31 11:49:10,447 [Worker-49: Launching mavenrun-9275dcad-ae5d-4ce1-948e-7928fee10894] INFO  o.eclipse.m2e.core.internal.Bundles - getClasspathEntries(Bundle=com.google.guava_33.5.0.jre [1026])
2025-12-31 11:49:10,448 [Worker-49: Launching mavenrun-9275dcad-ae5d-4ce1-948e-7928fee10894] INFO  o.eclipse.m2e.core.internal.Bundles - 	Entry: /Users/ritheshmekala/.p2/pool/plugins/com.google.guava_33.5.0.jre.jar
2025-12-31 11:49:10,448 [Worker-49: Launching mavenrun-9275dcad-ae5d-4ce1-948e-7928fee10894] INFO  o.eclipse.m2e.core.internal.Bundles - getClasspathEntries(Bundle=slf4j.api_2.0.17 [1004])
2025-12-31 11:49:10,448 [Worker-49: Launching mavenrun-9275dcad-ae5d-4ce1-948e-7928fee10894] INFO  o.eclipse.m2e.core.internal.Bundles - 	Entry: /Users/ritheshmekala/.p2/pool/plugins/slf4j.api_2.0.17.jar
2025-12-31 11:49:10,448 [Worker-49: Launching mavenrun-9275dcad-ae5d-4ce1-948e-7928fee10894] INFO  o.eclipse.m2e.core.internal.Bundles - getClasspathEntries(Bundle=jakarta.inject.jakarta.inject-api_1.0.5 [35])
2025-12-31 11:49:10,448 [Worker-49: Launching mavenrun-9275dcad-ae5d-4ce1-948e-7928fee10894] INFO  o.eclipse.m2e.core.internal.Bundles - 	Entry: /Users/ritheshmekala/.p2/pool/plugins/jakarta.inject.jakarta.inject-api_1.0.5.jar
2025-12-31 11:49:10,448 [Worker-49: Launching mavenrun-9275dcad-ae5d-4ce1-948e-7928fee10894] INFO  o.eclipse.m2e.core.internal.Bundles - getClasspathEntries(Bundle=jakarta.annotation-api_1.3.5 [31])
2025-12-31 11:49:10,448 [Worker-49: Launching mavenrun-9275dcad-ae5d-4ce1-948e-7928fee10894] INFO  o.eclipse.m2e.core.internal.Bundles - 	Entry: /Users/ritheshmekala/.p2/pool/plugins/jakarta.annotation-api_1.3.5.jar
2025-12-31 11:49:10,448 [Worker-49: Launching mavenrun-9275dcad-ae5d-4ce1-948e-7928fee10894] INFO  o.eclipse.m2e.core.internal.Bundles - getClasspathEntries(Bundle=org.apache.commons.cli_1.11.0 [1037])
2025-12-31 11:49:10,448 [Worker-49: Launching mavenrun-9275dcad-ae5d-4ce1-948e-7928fee10894] INFO  o.eclipse.m2e.core.internal.Bundles - 	Entry: /Users/ritheshmekala/.p2/pool/plugins/org.apache.commons.cli_1.11.0.jar
2025-12-31 11:49:10,448 [Worker-49: Launching mavenrun-9275dcad-ae5d-4ce1-948e-7928fee10894] INFO  o.eclipse.m2e.core.internal.Bundles - getClasspathEntries(Bundle=org.apache.commons.commons-codec_1.20.0 [77])
2025-12-31 11:49:10,448 [Worker-49: Launching mavenrun-9275dcad-ae5d-4ce1-948e-7928fee10894] INFO  o.eclipse.m2e.core.internal.Bundles - 	Entry: /Users/ritheshmekala/.p2/pool/plugins/org.apache.commons.commons-codec_1.20.0.jar
2025-12-31 11:49:10,448 [Worker-49: Launching mavenrun-9275dcad-ae5d-4ce1-948e-7928fee10894] INFO  o.eclipse.m2e.core.internal.Bundles - getClasspathEntries(Bundle=com.google.guava.failureaccess_1.0.3 [19])
2025-12-31 11:49:10,449 [Worker-49: Launching mavenrun-9275dcad-ae5d-4ce1-948e-7928fee10894] INFO  o.eclipse.m2e.core.internal.Bundles - 	Entry: /Users/ritheshmekala/.p2/pool/plugins/com.google.guava.failureaccess_1.0.3.jar
2025-12-31 11:49:10,454 [Worker-49: Launching mavenrun-9275dcad-ae5d-4ce1-948e-7928fee10894] INFO  o.e.m.i.launch.MavenLaunchDelegate - Run build in "/var/folders/l4/54px0cqs4mj8hch7zq78hqw00000gn/T/m2e-archetypeGenerator1260469155813256849":
2025-12-31 11:49:10,471 [Worker-49: Launching mavenrun-9275dcad-ae5d-4ce1-948e-7928fee10894] INFO  o.e.m.i.launch.MavenLaunchDelegate -  mvn  -DarchetypeGroupId=org.apache.maven.archetypes -DarchetypeArtifactId=maven-archetype-j2ee-simple -DarchetypeVersion=1.5 -DgroupId=com.demo -DartifactId=hibernate-mysql-demo -Dversion=0.0.1-SNAPSHOT -Dpackage=com.demo.hibernate_mysql_demo -DoutputDirectory=/Users/ritheshmekala/Documents/FSAD -Dstyle.color=always -U archetype:generate
2025-12-31 11:49:18,599 [Worker-49: Loading available Gradle versions] INFO  o.e.b.c.i.u.g.PublishedGradleVersions - Gradle version information cache is up-to-date. Trying to read.
2025-12-31 12:55:49,585 [Worker-8: Loading available Gradle versions] INFO  o.e.b.c.i.u.g.PublishedGradleVersions - Gradle version information cache is up-to-date. Trying to read.
